2019-01-16 03:33:18:第16章铁匠铺	更新成功
2019-01-16 03:33:19:第17章父亲的认可	更新成功
2019-01-16 03:33:20:第18章变异白熊与新的称号	更新成功
2019-01-16 03:33:23:第19章雷霆咆哮	更新成功
2019-01-16 03:33:24:第20章索普斯的好消息	更新成功
2019-01-16 03:33:25:第21章库尔的烦恼	更新成功
2019-01-16 03:33:26:第22章钻石镇	更新成功
2019-01-16 03:33:27:第23章药草	更新成功
2019-01-16 03:33:28:第24章分拣药材	更新成功
2019-01-16 03:33:32:第25章告示	更新成功
2019-01-16 03:33:35:第26章沃利会放电？	更新成功
2019-01-16 03:33:36:第27章驯养	更新成功
2019-01-16 03:33:37:第28章喷射冰霜的马鹿	更新成功
2019-01-16 03:33:38:第29章雪纹鹿	更新成功
2019-01-16 03:33:39:第30章初级骑士侍从称号	更新成功
2019-01-16 03:33:40:第31章年轻的猎人	更新成功
2019-01-16 03:33:41:第32章可怕的年轻猎人	更新成功
2019-01-16 03:33:42:第33章男爵长子	更新成功
2019-01-16 03:33:43:第34章进入波勒森林	更新成功
2019-01-16 03:33:44:第35章暗杀者	更新成功
2019-01-16 03:33:45:第36章初级杀手称号	更新成功
2019-01-16 03:33:46:第37章休尔家族	更新成功
